<?xml version="1.0" encoding="UTF-8" ?>
<testsuite failures="0" time="0.097" errors="0" skipped="0" tests="1" name="com.comdev.common.page.test.TestPage">
  <properties>
    <property name="java.runtime.name" value="Java(TM) SE Runtime Environment"/>
    <property name="sun.boot.library.path" value="D:\tomcat6\bin\jdk1.6.0_29\jre\bin"/>
    <property name="java.vm.version" value="20.4-b02"/>
    <property name="java.vm.vendor" value="Sun Microsystems Inc."/>
    <property name="java.vendor.url" value="http://java.sun.com/"/>
    <property name="path.separator" value=";"/>
    <property name="guice.disable.misplaced.annotation.check" value="true"/>
    <property name="java.vm.name" value="Java HotSpot(TM) Client VM"/>
    <property name="file.encoding.pkg" value="sun.io"/>
    <property name="idea.launcher.port" value="7533"/>
    <property name="user.country" value="CN"/>
    <property name="sun.java.launcher" value="SUN_STANDARD"/>
    <property name="sun.os.patch.level" value="Service Pack 1"/>
    <property name="java.vm.specification.name" value="Java Virtual Machine Specification"/>
    <property name="user.dir" value="D:\work_purehttp\purehttp"/>
    <property name="java.runtime.version" value="1.6.0_29-b11"/>
    <property name="java.awt.graphicsenv" value="sun.awt.Win32GraphicsEnvironment"/>
    <property name="java.endorsed.dirs" value="D:\tomcat6\bin\jdk1.6.0_29\jre\lib\endorsed"/>
    <property name="os.arch" value="x86"/>
    <property name="java.io.tmpdir" value="d:\TEMP\FileTemp\"/>
    <property name="line.separator" value="
"/>
    <property name="java.vm.specification.vendor" value="Sun Microsystems Inc."/>
    <property name="user.variant" value=""/>
    <property name="os.name" value="Windows 7"/>
    <property name="classworlds.conf" value="D:\OpenSource_Java\Maven\apache-maven-3.0.4-bin\apache-maven-3.0.4\bin\m2.conf"/>
    <property name="sun.jnu.encoding" value="GBK"/>
    <property name="java.library.path" value="D:\tomcat6\bin\jdk1.6.0_29\bin;C:\Windows\Sun\Java\bin;C:\Windows\system32;C:\Windows;C:\Program Files (x86)\JetBrains\IntelliJ IDEA 12.1.1\bin\..\.\bin;C:\Ruby200\bin;C:\Windows\system32;C:\Windows;C:\Windows\System32\Wbem;C:\Windows\System32\WindowsPowerShell\v1.0\;C:\Program Files (x86)\Intel\OpenCL SDK\2.0\bin\x86;C:\Program Files (x86)\Intel\OpenCL SDK\2.0\bin\x64;C:\Program Files (x86)\Subversion\bin;C:\Program Files\TortoiseSVN\bin;C:\Program Files (x86)\Microsoft SQL Server\80\Tools\BINN;D:\OpenSource_Java\Maven\apache-maven-3.0.4\bin;D:\OpenSource_Java\nexus\nexus-2.2-01\bin;C:\Program Files (x86)\Git\cmd;C:\Program Files (x86)\Java\jdk1.7.0_17\bin;;J:\sdk\adt-bundle-windows-x86-20130219\sdk\platform-tools;C:\Program Files (x86)\COMODO\Time Machine;C:\Program Files (x86)\MySQL\MySQL Utilities\;C:\Program Files (x86)\Git\bin;c:\program files (x86)\jetbrains\intellij idea 12.1.1\jre\jre\bin;."/>
    <property name="java.specification.name" value="Java Platform API Specification"/>
    <property name="java.class.version" value="50.0"/>
    <property name="sun.management.compiler" value="HotSpot Client Compiler"/>
    <property name="os.version" value="6.1"/>
    <property name="user.home" value="d:\我的文档"/>
    <property name="user.timezone" value="Asia/Shanghai"/>
    <property name="java.awt.printerjob" value="sun.awt.windows.WPrinterJob"/>
    <property name="java.specification.version" value="1.6"/>
    <property name="file.encoding" value="UTF-8"/>
    <property name="idea.launcher.bin.path" value="C:\Program Files (x86)\JetBrains\IntelliJ IDEA 12.1.1\bin"/>
    <property name="user.name" value="Administrator"/>
    <property name="java.class.path" value="D:\OpenSource_Java\Maven\apache-maven-3.0.4-bin\apache-maven-3.0.4\boot\plexus-classworlds-2.4.jar;C:\Program Files (x86)\JetBrains\IntelliJ IDEA 12.1.1\lib\idea_rt.jar"/>
    <property name="java.vm.specification.version" value="1.0"/>
    <property name="sun.arch.data.model" value="32"/>
    <property name="java.home" value="D:\tomcat6\bin\jdk1.6.0_29\jre"/>
    <property name="sun.java.command" value="com.intellij.rt.execution.application.AppMain org.codehaus.classworlds.Launcher --fail-fast --strict-checksums install"/>
    <property name="java.specification.vendor" value="Sun Microsystems Inc."/>
    <property name="user.language" value="zh"/>
    <property name="awt.toolkit" value="sun.awt.windows.WToolkit"/>
    <property name="java.vm.info" value="mixed mode"/>
    <property name="java.version" value="1.6.0_29"/>
    <property name="java.ext.dirs" value="D:\tomcat6\bin\jdk1.6.0_29\jre\lib\ext;C:\Windows\Sun\Java\lib\ext"/>
    <property name="sun.boot.class.path" value="D:\tomcat6\bin\jdk1.6.0_29\jre\lib\resources.jar;D:\tomcat6\bin\jdk1.6.0_29\jre\lib\rt.jar;D:\tomcat6\bin\jdk1.6.0_29\jre\lib\sunrsasign.jar;D:\tomcat6\bin\jdk1.6.0_29\jre\lib\jsse.jar;D:\tomcat6\bin\jdk1.6.0_29\jre\lib\jce.jar;D:\tomcat6\bin\jdk1.6.0_29\jre\lib\charsets.jar;D:\tomcat6\bin\jdk1.6.0_29\jre\lib\modules\jdk.boot.jar;D:\tomcat6\bin\jdk1.6.0_29\jre\classes"/>
    <property name="java.vendor" value="Sun Microsystems Inc."/>
    <property name="maven.home" value="D:\OpenSource_Java\Maven\apache-maven-3.0.4-bin\apache-maven-3.0.4"/>
    <property name="file.separator" value="\"/>
    <property name="java.vendor.url.bug" value="http://java.sun.com/cgi-bin/bugreport.cgi"/>
    <property name="sun.cpu.endian" value="little"/>
    <property name="sun.io.unicode.encoding" value="UnicodeLittle"/>
    <property name="sun.desktop" value="windows"/>
    <property name="sun.cpu.isalist" value="pentium_pro+mmx pentium_pro pentium+mmx pentium i486 i386 i86"/>
  </properties>
  <testcase time="0.003" classname="com.comdev.common.page.test.TestPage" name="test01"/>
</testsuite>